<?xml version="1.0" encoding="UTF-8"?>
<testsuite name="Compra de productos a través del sitio web Swag Labs" tests="3" skipped="0" failures="1" errors="0" timestamp="2019-11-16T23:10:00" hostname="blinkfredy-HP-Notebook" time="64.287">
  <properties/>
  <testcase name="Realizar un proceso completo de compra" classname="Compra de productos a través del sitio web Swag Labs" time="26.515"/>
  <testcase name="Realizar un proceso completo de compra" classname="Compra de productos a través del sitio web Swag Labs" time="13.81">
    <failure message="java.lang.AssertionError: &#10;Expected: &quot;89.97&quot;&#10;     but: was &quot;79.96&quot;" type="java.lang.AssertionError">java.lang.AssertionError: 
Expected: &quot;89.97&quot;
     but: was &quot;79.96&quot;
	at net.serenitybdd.screenplay.ErrorTally.throwSummaryExceptionFrom(ErrorTally.java:36)
	at net.serenitybdd.screenplay.ErrorTally.reportAnyErrors(ErrorTally.java:30)
	at net.serenitybdd.screenplay.Actor.should(Actor.java:231)
	at com.saucedemo.stepdefinitions.CompraProductosStepDefinition.enPantallaSeIndicaraElValorNetoAPagar(CompraProductosStepDefinition.java:67)
	at ✽.en pantalla se indicará un valor neto a pagar de 89.97(src/test/resources/features/compra_productos.feature:16)
</failure>
  </testcase>
  <testcase name="Realizar un proceso completo de compra" classname="Compra de productos a través del sitio web Swag Labs" time="23.949"/>
  <system-out><![CDATA[]]></system-out>
  <system-err><![CDATA[[Test worker] INFO net.thucydides.core.steps.ConsoleLoggingListener - STARTING STEP Given que John ingresó al sitio web Swag Labs con usuario standard_user y contraseña secret_sauce
[Test worker] INFO net.thucydides.core.steps.ConsoleLoggingListener - STARTING STEP John opens the Login page
nov 16, 2019 6:10:00 PM org.openqa.selenium.remote.DesiredCapabilities chrome
INFORMACIÓN: Using `new ChromeOptions()` is preferred to `DesiredCapabilities.chrome()`
Starting ChromeDriver 78.0.3904.70 (edb9c9f3de0247fd912a77b7f6cae7447f6d3ad5-refs/branch-heads/3904@{#800}) on port 12037
Only local connections are allowed.
Please protect ports used by ChromeDriver and related test frameworks to prevent access by malicious code.
nov 16, 2019 6:10:03 PM org.openqa.selenium.remote.ProtocolHandshake createSession
INFORMACIÓN: Detected dialect: W3C
[Test worker] INFO net.thucydides.core.steps.ConsoleLoggingListener - FINISHING STEP
[Test worker] INFO net.thucydides.core.steps.ConsoleLoggingListener - STARTING STEP John enters 'standard_user' into el campo nombre de usuario
[Test worker] INFO net.thucydides.core.steps.ConsoleLoggingListener - FINISHING STEP
[Test worker] INFO net.thucydides.core.steps.ConsoleLoggingListener - STARTING STEP John enters 'secret_sauce' into el campo clave
[Test worker] INFO net.thucydides.core.steps.ConsoleLoggingListener - FINISHING STEP
[Test worker] INFO net.thucydides.core.steps.ConsoleLoggingListener - STARTING STEP John clicks on el boton login
[Test worker] INFO net.thucydides.core.steps.ConsoleLoggingListener - FINISHING STEP
[Test worker] INFO net.thucydides.core.steps.ConsoleLoggingListener - FINISHING STEP
[Test worker] INFO net.thucydides.core.steps.ConsoleLoggingListener - STARTING STEP When agregue al carrito de compras los productos
| Sauce Labs Backpack |
| Sauce Labs Fleece Jacket |
| Sauce Labs Bike Light |
[Test worker] INFO net.thucydides.core.steps.ConsoleLoggingListener - STARTING STEP John clicks on el botón agregar del producto Sauce Labs Backpack
[Test worker] INFO net.thucydides.core.steps.ConsoleLoggingListener - FINISHING STEP
[Test worker] INFO net.thucydides.core.steps.ConsoleLoggingListener - STARTING STEP John clicks on el botón agregar del producto Sauce Labs Fleece Jacket
[Test worker] INFO net.thucydides.core.steps.ConsoleLoggingListener - FINISHING STEP
[Test worker] INFO net.thucydides.core.steps.ConsoleLoggingListener - STARTING STEP John clicks on el botón agregar del producto Sauce Labs Bike Light
[Test worker] INFO net.thucydides.core.steps.ConsoleLoggingListener - FINISHING STEP
[Test worker] INFO net.thucydides.core.steps.ConsoleLoggingListener - STARTING STEP John clicks on el botón carrito de compras
[Test worker] INFO net.thucydides.core.steps.ConsoleLoggingListener - FINISHING STEP
[Test worker] INFO net.thucydides.core.steps.ConsoleLoggingListener - FINISHING STEP
[Test worker] INFO net.thucydides.core.steps.ConsoleLoggingListener - STARTING STEP And realice el checkout
[Test worker] INFO net.thucydides.core.steps.ConsoleLoggingListener - STARTING STEP John clicks on el botón checkout
[Test worker] INFO net.thucydides.core.steps.ConsoleLoggingListener - FINISHING STEP
[Test worker] INFO net.thucydides.core.steps.ConsoleLoggingListener - FINISHING STEP
[Test worker] INFO net.thucydides.core.steps.ConsoleLoggingListener - STARTING STEP And digite nombre completo John Clavijo y codigo postal 500050
[Test worker] INFO net.thucydides.core.steps.ConsoleLoggingListener - STARTING STEP John enters 'John' into el campo nombre
[Test worker] INFO net.thucydides.core.steps.ConsoleLoggingListener - FINISHING STEP
[Test worker] INFO net.thucydides.core.steps.ConsoleLoggingListener - STARTING STEP John enters 'Clavijo' into el campo apellido
[Test worker] INFO net.thucydides.core.steps.ConsoleLoggingListener - FINISHING STEP
[Test worker] INFO net.thucydides.core.steps.ConsoleLoggingListener - STARTING STEP John enters '500050' into el campo código postal
[Test worker] INFO net.thucydides.core.steps.ConsoleLoggingListener - FINISHING STEP
[Test worker] INFO net.thucydides.core.steps.ConsoleLoggingListener - STARTING STEP John clicks on el botón continuar
[Test worker] INFO net.thucydides.core.steps.ConsoleLoggingListener - FINISHING STEP
[Test worker] INFO net.thucydides.core.steps.ConsoleLoggingListener - FINISHING STEP
[Test worker] INFO net.thucydides.core.steps.ConsoleLoggingListener - STARTING STEP Then en pantalla se indicará un valor neto a pagar de 89.97
[Test worker] INFO net.thucydides.core.steps.ConsoleLoggingListener - STARTING STEP Then factura should be '89.97'
[Test worker] INFO net.thucydides.core.steps.ConsoleLoggingListener - FINISHING STEP
[Test worker] INFO net.thucydides.core.steps.ConsoleLoggingListener - FINISHING STEP
[Test worker] INFO net.thucydides.core.steps.ConsoleLoggingListener - STARTING STEP And se mostrará el mensaje THANK YOU FOR YOUR ORDER al confirmar la compra
[Test worker] INFO net.thucydides.core.steps.ConsoleLoggingListener - STARTING STEP John clicks on el botón confirmar
[Test worker] INFO net.thucydides.core.steps.ConsoleLoggingListener - FINISHING STEP
[Test worker] INFO net.thucydides.core.steps.ConsoleLoggingListener - STARTING STEP Then mensaje should be 'THANK YOU FOR YOUR ORDER'
[Test worker] INFO net.thucydides.core.steps.ConsoleLoggingListener - FINISHING STEP
[Test worker] INFO net.thucydides.core.steps.ConsoleLoggingListener - FINISHING STEP
[Test worker] INFO net.thucydides.core.steps.ConsoleLoggingListener - FINISHING STEP
[Test worker] INFO net.thucydides.core.steps.ConsoleLoggingListener - ?[92m
        __    _____ _____ ____ _____   ____   _    ____  ____  _____ ____  
  _     \ \  |_   _| ____/ ___|_   _| |  _ \ / \  / ___|/ ___|| ____|  _ \ 
 (_)_____| |   | | |  _| \___ \ | |   | |_) / _ \ \___ \\___ \|  _| | | | |
  _|_____| |   | | | |___ ___) || |   |  __/ ___ \ ___) |___) | |___| |_| |
 (_)     | |   |_| |_____|____/ |_|   |_| /_/   \_\____/|____/|_____|____/ 
        /_/                                                                

TEST PASSED: Realizar un proceso completo de compra
----------------------------------------------------------------------------?[0m
[Test worker] INFO net.thucydides.core.steps.ConsoleLoggingListener - STARTING STEP Given que Fredy ingresó al sitio web Swag Labs con usuario problem_user y contraseña secret_sauce
[Test worker] INFO net.thucydides.core.steps.ConsoleLoggingListener - STARTING STEP Fredy opens the Login page
nov 16, 2019 6:10:26 PM org.openqa.selenium.remote.DesiredCapabilities chrome
INFORMACIÓN: Using `new ChromeOptions()` is preferred to `DesiredCapabilities.chrome()`
nov 16, 2019 6:10:27 PM org.openqa.selenium.remote.ProtocolHandshake createSession
INFORMACIÓN: Detected dialect: W3C
[Test worker] INFO net.thucydides.core.steps.ConsoleLoggingListener - FINISHING STEP
[Test worker] INFO net.thucydides.core.steps.ConsoleLoggingListener - STARTING STEP Fredy enters 'problem_user' into el campo nombre de usuario
[Test worker] INFO net.thucydides.core.steps.ConsoleLoggingListener - FINISHING STEP
[Test worker] INFO net.thucydides.core.steps.ConsoleLoggingListener - STARTING STEP Fredy enters 'secret_sauce' into el campo clave
[Test worker] INFO net.thucydides.core.steps.ConsoleLoggingListener - FINISHING STEP
[Test worker] INFO net.thucydides.core.steps.ConsoleLoggingListener - STARTING STEP Fredy clicks on el boton login
[Test worker] INFO net.thucydides.core.steps.ConsoleLoggingListener - FINISHING STEP
[Test worker] INFO net.thucydides.core.steps.ConsoleLoggingListener - FINISHING STEP
[Test worker] INFO net.thucydides.core.steps.ConsoleLoggingListener - STARTING STEP When agregue al carrito de compras los productos
| Sauce Labs Backpack |
| Sauce Labs Fleece Jacket |
| Sauce Labs Bike Light |
[Test worker] INFO net.thucydides.core.steps.ConsoleLoggingListener - STARTING STEP Fredy clicks on el botón agregar del producto Sauce Labs Backpack
[Test worker] INFO net.thucydides.core.steps.ConsoleLoggingListener - FINISHING STEP
[Test worker] INFO net.thucydides.core.steps.ConsoleLoggingListener - STARTING STEP Fredy clicks on el botón agregar del producto Sauce Labs Fleece Jacket
[Test worker] INFO net.thucydides.core.steps.ConsoleLoggingListener - FINISHING STEP
[Test worker] INFO net.thucydides.core.steps.ConsoleLoggingListener - STARTING STEP Fredy clicks on el botón agregar del producto Sauce Labs Bike Light
[Test worker] INFO net.thucydides.core.steps.ConsoleLoggingListener - FINISHING STEP
[Test worker] INFO net.thucydides.core.steps.ConsoleLoggingListener - STARTING STEP Fredy clicks on el botón carrito de compras
[Test worker] INFO net.thucydides.core.steps.ConsoleLoggingListener - FINISHING STEP
[Test worker] INFO net.thucydides.core.steps.ConsoleLoggingListener - FINISHING STEP
[Test worker] INFO net.thucydides.core.steps.ConsoleLoggingListener - STARTING STEP And realice el checkout
[Test worker] INFO net.thucydides.core.steps.ConsoleLoggingListener - STARTING STEP Fredy clicks on el botón checkout
[Test worker] INFO net.thucydides.core.steps.ConsoleLoggingListener - FINISHING STEP
[Test worker] INFO net.thucydides.core.steps.ConsoleLoggingListener - FINISHING STEP
[Test worker] INFO net.thucydides.core.steps.ConsoleLoggingListener - STARTING STEP And digite nombre completo Fredy Parra y codigo postal 100010
[Test worker] INFO net.thucydides.core.steps.ConsoleLoggingListener - STARTING STEP Fredy enters 'Fredy' into el campo nombre
[Test worker] INFO net.thucydides.core.steps.ConsoleLoggingListener - FINISHING STEP
[Test worker] INFO net.thucydides.core.steps.ConsoleLoggingListener - STARTING STEP Fredy enters 'Parra' into el campo apellido
[Test worker] INFO net.thucydides.core.steps.ConsoleLoggingListener - FINISHING STEP
[Test worker] INFO net.thucydides.core.steps.ConsoleLoggingListener - STARTING STEP Fredy enters '100010' into el campo código postal
[Test worker] INFO net.thucydides.core.steps.ConsoleLoggingListener - FINISHING STEP
[Test worker] INFO net.thucydides.core.steps.ConsoleLoggingListener - STARTING STEP Fredy clicks on el botón continuar
[Test worker] INFO net.thucydides.core.steps.ConsoleLoggingListener - FINISHING STEP
[Test worker] INFO net.thucydides.core.steps.ConsoleLoggingListener - FINISHING STEP
[Test worker] INFO net.thucydides.core.steps.ConsoleLoggingListener - STARTING STEP Then en pantalla se indicará un valor neto a pagar de 89.97
[Test worker] INFO net.thucydides.core.steps.ConsoleLoggingListener - STARTING STEP Then factura should be '89.97'
[Test worker] INFO net.thucydides.core.steps.ConsoleLoggingListener - ?[91mSTEP FAILURE: java.lang.AssertionError: 
Expected: "89.97"
     but: was "79.96"?[0m
[Test worker] INFO net.thucydides.core.steps.ConsoleLoggingListener - ?[91mSTEP FAILURE: java.lang.AssertionError: 
Expected: "89.97"
     but: was "79.96"?[0m
[Test worker] INFO net.thucydides.core.steps.ConsoleLoggingListener - STARTING STEP And se mostrará el mensaje THANK YOU FOR YOUR ORDER al confirmar la compra
[Test worker] INFO net.thucydides.core.steps.ConsoleLoggingListener - ?[33mIGNORING STEP?[0m
[Test worker] INFO net.thucydides.core.steps.ConsoleLoggingListener - ?[91mSTEP FAILURE: java.lang.AssertionError: 
Expected: "89.97"
     but: was "79.96"?[0m
[Test worker] ERROR net.thucydides.core.steps.ConsoleLoggingListener - ?[91m
           __  _____ _____ ____ _____   _____ _    ___ _     _____ ____  
  _       / / |_   _| ____/ ___|_   _| |  ___/ \  |_ _| |   | ____|  _ \ 
 (_)_____| |    | | |  _| \___ \ | |   | |_ / _ \  | || |   |  _| | | | |
  _|_____| |    | | | |___ ___) || |   |  _/ ___ \ | || |___| |___| |_| |
 (_)     | |    |_| |_____|____/ |_|   |_|/_/   \_\___|_____|_____|____/ 
          \_\                                                            

TEST FAILED: Realizar un proceso completo de compra
--------------------------------------------------------------------------?[0m
[Test worker] ERROR net.thucydides.core.steps.ConsoleLoggingListener - ?[91mTEST FAILED AT STEP Then factura should be '89.97'?[0m
[Test worker] ERROR net.thucydides.core.steps.ConsoleLoggingListener - Expected: "89.97" but: was "79.96"
[Test worker] INFO net.thucydides.core.steps.ConsoleLoggingListener - STARTING STEP Given que Aldo ingresó al sitio web Swag Labs con usuario performance_glitch_user y contraseña secret_sauce
[Test worker] INFO net.thucydides.core.steps.ConsoleLoggingListener - STARTING STEP Aldo opens the Login page
nov 16, 2019 6:10:40 PM org.openqa.selenium.remote.DesiredCapabilities chrome
INFORMACIÓN: Using `new ChromeOptions()` is preferred to `DesiredCapabilities.chrome()`
nov 16, 2019 6:10:41 PM org.openqa.selenium.remote.ProtocolHandshake createSession
INFORMACIÓN: Detected dialect: W3C
[Test worker] INFO net.thucydides.core.steps.ConsoleLoggingListener - FINISHING STEP
[Test worker] INFO net.thucydides.core.steps.ConsoleLoggingListener - STARTING STEP Aldo enters 'performance_glitch_user' into el campo nombre de usuario
[Test worker] INFO net.thucydides.core.steps.ConsoleLoggingListener - FINISHING STEP
[Test worker] INFO net.thucydides.core.steps.ConsoleLoggingListener - STARTING STEP Aldo enters 'secret_sauce' into el campo clave
[Test worker] INFO net.thucydides.core.steps.ConsoleLoggingListener - FINISHING STEP
[Test worker] INFO net.thucydides.core.steps.ConsoleLoggingListener - STARTING STEP Aldo clicks on el boton login
[Test worker] INFO net.thucydides.core.steps.ConsoleLoggingListener - FINISHING STEP
[Test worker] INFO net.thucydides.core.steps.ConsoleLoggingListener - FINISHING STEP
[Test worker] INFO net.thucydides.core.steps.ConsoleLoggingListener - STARTING STEP When agregue al carrito de compras los productos
| Sauce Labs Backpack |
| Sauce Labs Fleece Jacket |
| Sauce Labs Bike Light |
[Test worker] INFO net.thucydides.core.steps.ConsoleLoggingListener - STARTING STEP Aldo clicks on el botón agregar del producto Sauce Labs Backpack
[Test worker] INFO net.thucydides.core.steps.ConsoleLoggingListener - FINISHING STEP
[Test worker] INFO net.thucydides.core.steps.ConsoleLoggingListener - STARTING STEP Aldo clicks on el botón agregar del producto Sauce Labs Fleece Jacket
[Test worker] INFO net.thucydides.core.steps.ConsoleLoggingListener - FINISHING STEP
[Test worker] INFO net.thucydides.core.steps.ConsoleLoggingListener - STARTING STEP Aldo clicks on el botón agregar del producto Sauce Labs Bike Light
[Test worker] INFO net.thucydides.core.steps.ConsoleLoggingListener - FINISHING STEP
[Test worker] INFO net.thucydides.core.steps.ConsoleLoggingListener - STARTING STEP Aldo clicks on el botón carrito de compras
[Test worker] INFO net.thucydides.core.steps.ConsoleLoggingListener - FINISHING STEP
[Test worker] INFO net.thucydides.core.steps.ConsoleLoggingListener - FINISHING STEP
[Test worker] INFO net.thucydides.core.steps.ConsoleLoggingListener - STARTING STEP And realice el checkout
[Test worker] INFO net.thucydides.core.steps.ConsoleLoggingListener - STARTING STEP Aldo clicks on el botón checkout
[Test worker] INFO net.thucydides.core.steps.ConsoleLoggingListener - FINISHING STEP
[Test worker] INFO net.thucydides.core.steps.ConsoleLoggingListener - FINISHING STEP
[Test worker] INFO net.thucydides.core.steps.ConsoleLoggingListener - STARTING STEP And digite nombre completo Aldo Pistolas y codigo postal 200002
[Test worker] INFO net.thucydides.core.steps.ConsoleLoggingListener - STARTING STEP Aldo enters 'Aldo' into el campo nombre
[Test worker] INFO net.thucydides.core.steps.ConsoleLoggingListener - FINISHING STEP
[Test worker] INFO net.thucydides.core.steps.ConsoleLoggingListener - STARTING STEP Aldo enters 'Pistolas' into el campo apellido
[Test worker] INFO net.thucydides.core.steps.ConsoleLoggingListener - FINISHING STEP
[Test worker] INFO net.thucydides.core.steps.ConsoleLoggingListener - STARTING STEP Aldo enters '200002' into el campo código postal
[Test worker] INFO net.thucydides.core.steps.ConsoleLoggingListener - FINISHING STEP
[Test worker] INFO net.thucydides.core.steps.ConsoleLoggingListener - STARTING STEP Aldo clicks on el botón continuar
[Test worker] INFO net.thucydides.core.steps.ConsoleLoggingListener - FINISHING STEP
[Test worker] INFO net.thucydides.core.steps.ConsoleLoggingListener - FINISHING STEP
[Test worker] INFO net.thucydides.core.steps.ConsoleLoggingListener - STARTING STEP Then en pantalla se indicará un valor neto a pagar de 89.97
[Test worker] INFO net.thucydides.core.steps.ConsoleLoggingListener - STARTING STEP Then factura should be '89.97'
[Test worker] INFO net.thucydides.core.steps.ConsoleLoggingListener - FINISHING STEP
[Test worker] INFO net.thucydides.core.steps.ConsoleLoggingListener - FINISHING STEP
[Test worker] INFO net.thucydides.core.steps.ConsoleLoggingListener - STARTING STEP And se mostrará el mensaje THANK YOU FOR YOUR ORDER al confirmar la compra
[Test worker] INFO net.thucydides.core.steps.ConsoleLoggingListener - STARTING STEP Aldo clicks on el botón confirmar
[Test worker] INFO net.thucydides.core.steps.ConsoleLoggingListener - FINISHING STEP
[Test worker] INFO net.thucydides.core.steps.ConsoleLoggingListener - STARTING STEP Then mensaje should be 'THANK YOU FOR YOUR ORDER'
[Test worker] INFO net.thucydides.core.steps.ConsoleLoggingListener - FINISHING STEP
[Test worker] INFO net.thucydides.core.steps.ConsoleLoggingListener - FINISHING STEP
[Test worker] INFO net.thucydides.core.steps.ConsoleLoggingListener - FINISHING STEP
[Test worker] ERROR net.thucydides.core.steps.ConsoleLoggingListener - ?[91m
           __  _____ _____ ____ _____   _____ _    ___ _     _____ ____  
  _       / / |_   _| ____/ ___|_   _| |  ___/ \  |_ _| |   | ____|  _ \ 
 (_)_____| |    | | |  _| \___ \ | |   | |_ / _ \  | || |   |  _| | | | |
  _|_____| |    | | | |___ ___) || |   |  _/ ___ \ | || |___| |___| |_| |
 (_)     | |    |_| |_____|____/ |_|   |_|/_/   \_\___|_____|_____|____/ 
          \_\                                                            

TEST FAILED: Realizar un proceso completo de compra
--------------------------------------------------------------------------?[0m
[Test worker] ERROR net.thucydides.core.steps.ConsoleLoggingListener - ?[91mTEST FAILED AT STEP Then factura should be '89.97'?[0m
[Test worker] ERROR net.thucydides.core.steps.ConsoleLoggingListener - Expected: "89.97" but: was "79.96"
]]></system-err>
</testsuite>
